21-May-2024 10:18:50.035 INFO [main] org.apache.catalina.startup.VersionLoggerListener.log Server version name:   Apache Tomcat/10.1.23
21-May-2024 10:18:50.046 INFO [main] org.apache.catalina.startup.VersionLoggerListener.log Server built:          Apr 16 2024 12:17:18 UTC
21-May-2024 10:18:50.046 INFO [main] org.apache.catalina.startup.VersionLoggerListener.log Server version number: 10.1.23.0
21-May-2024 10:18:50.047 INFO [main] org.apache.catalina.startup.VersionLoggerListener.log OS Name:               Linux
21-May-2024 10:18:50.047 INFO [main] org.apache.catalina.startup.VersionLoggerListener.log OS Version:            6.1.0-kali5-amd64
21-May-2024 10:18:50.047 INFO [main] org.apache.catalina.startup.VersionLoggerListener.log Architecture:          amd64
21-May-2024 10:18:50.047 INFO [main] org.apache.catalina.startup.VersionLoggerListener.log Java Home:             /usr/lib/jvm/java-17-openjdk-amd64
21-May-2024 10:18:50.048 INFO [main] org.apache.catalina.startup.VersionLoggerListener.log JVM Version:           17.0.6+10-Debian-1
21-May-2024 10:18:50.048 INFO [main] org.apache.catalina.startup.VersionLoggerListener.log JVM Vendor:            Debian
21-May-2024 10:18:50.048 INFO [main] org.apache.catalina.startup.VersionLoggerListener.log CATALINA_BASE:         /opt/apache-tomcat-10.1.23
21-May-2024 10:18:50.048 INFO [main] org.apache.catalina.startup.VersionLoggerListener.log CATALINA_HOME:         /opt/apache-tomcat-10.1.23
21-May-2024 10:18:50.061 INFO [main] org.apache.catalina.startup.VersionLoggerListener.log Command line argument: -Djava.util.logging.config.file=/opt/apache-tomcat-10.1.23/conf/logging.properties
21-May-2024 10:18:50.061 INFO [main] org.apache.catalina.startup.VersionLoggerListener.log Command line argument: -Djava.util.logging.manager=org.apache.juli.ClassLoaderLogManager
21-May-2024 10:18:50.061 INFO [main] org.apache.catalina.startup.VersionLoggerListener.log Command line argument: -Djdk.tls.ephemeralDHKeySize=2048
21-May-2024 10:18:50.062 INFO [main] org.apache.catalina.startup.VersionLoggerListener.log Command line argument: -Djava.protocol.handler.pkgs=org.apache.catalina.webresources
21-May-2024 10:18:50.062 INFO [main] org.apache.catalina.startup.VersionLoggerListener.log Command line argument: -Dorg.apache.catalina.security.SecurityListener.UMASK=0027
21-May-2024 10:18:50.062 INFO [main] org.apache.catalina.startup.VersionLoggerListener.log Command line argument: --add-opens=java.base/java.lang=ALL-UNNAMED
21-May-2024 10:18:50.062 INFO [main] org.apache.catalina.startup.VersionLoggerListener.log Command line argument: --add-opens=java.base/java.io=ALL-UNNAMED
21-May-2024 10:18:50.062 INFO [main] org.apache.catalina.startup.VersionLoggerListener.log Command line argument: --add-opens=java.base/java.util=ALL-UNNAMED
21-May-2024 10:18:50.063 INFO [main] org.apache.catalina.startup.VersionLoggerListener.log Command line argument: --add-opens=java.base/java.util.concurrent=ALL-UNNAMED
21-May-2024 10:18:50.063 INFO [main] org.apache.catalina.startup.VersionLoggerListener.log Command line argument: --add-opens=java.rmi/sun.rmi.transport=ALL-UNNAMED
21-May-2024 10:18:50.063 INFO [main] org.apache.catalina.startup.VersionLoggerListener.log Command line argument: -Dcatalina.base=/opt/apache-tomcat-10.1.23
21-May-2024 10:18:50.063 INFO [main] org.apache.catalina.startup.VersionLoggerListener.log Command line argument: -Dcatalina.home=/opt/apache-tomcat-10.1.23
21-May-2024 10:18:50.063 INFO [main] org.apache.catalina.startup.VersionLoggerListener.log Command line argument: -Djava.io.tmpdir=/opt/apache-tomcat-10.1.23/temp
21-May-2024 10:18:50.067 INFO [main] org.apache.catalina.core.AprLifecycleListener.lifecycleEvent The Apache Tomcat Native library which allows using OpenSSL was not found on the java.library.path: [/usr/java/packages/lib:/usr/lib/x86_64-linux-gnu/jni:/lib/x86_64-linux-gnu:/usr/lib/x86_64-linux-gnu:/usr/lib/jni:/lib:/usr/lib]
21-May-2024 10:18:50.515 INFO [main] org.apache.coyote.AbstractProtocol.init Initializing ProtocolHandler ["http-nio-8080"]
21-May-2024 10:18:50.560 INFO [main] org.apache.catalina.startup.Catalina.load Server initialization in [884] milliseconds
21-May-2024 10:18:50.641 INFO [main] org.apache.catalina.core.StandardService.startInternal Starting service [Catalina]
21-May-2024 10:18:50.642 INFO [main] org.apache.catalina.core.StandardEngine.startInternal Starting Servlet engine: [Apache Tomcat/10.1.23]
21-May-2024 10:18:50.658 INFO [main] org.apache.catalina.startup.HostConfig.deployDescriptor Deploying deployment descriptor [/opt/apache-tomcat-10.1.23/conf/Catalina/localhost/PatientManagementSystem.xml]
21-May-2024 10:18:50.692 WARNING [main] org.apache.catalina.startup.HostConfig.deployDescriptor The path attribute with value [/PatientManagementSystem] in deployment descriptor [/opt/apache-tomcat-10.1.23/conf/Catalina/localhost/PatientManagementSystem.xml] has been ignored
21-May-2024 10:18:51.449 WARNING [main] org.apache.catalina.webresources.Cache.getResource Unable to add the resource at [/WEB-INF/classes/logs/localhost_access_log.2024-05-15.txt] to the cache for web application [/PatientManagementSystem] because there was insufficient free space available after evicting expired cache entries - consider increasing the maximum size of the cache
21-May-2024 10:18:51.450 WARNING [main] org.apache.catalina.webresources.Cache.getResource Unable to add the resource at [/WEB-INF/classes/bin/commons-daemon-native.tar.gz] to the cache for web application [/PatientManagementSystem] because there was insufficient free space available after evicting expired cache entries - consider increasing the maximum size of the cache
21-May-2024 10:18:51.452 WARNING [main] org.apache.catalina.webresources.Cache.getResource Unable to add the resource at [/WEB-INF/classes/bin/tool-wrapper.sh] to the cache for web application [/PatientManagementSystem] because there was insufficient free space available after evicting expired cache entries - consider increasing the maximum size of the cache
21-May-2024 10:18:51.452 WARNING [main] org.apache.catalina.webresources.Cache.getResource Unable to add the resource at [/WEB-INF/classes/bin/tool-wrapper.bat] to the cache for web application [/PatientManagementSystem] because there was insufficient free space available after evicting expired cache entries - consider increasing the maximum size of the cache
21-May-2024 10:18:51.453 WARNING [main] org.apache.catalina.webresources.Cache.getResource Unable to add the resource at [/WEB-INF/classes/bin/shutdown.bat] to the cache for web application [/PatientManagementSystem] because there was insufficient free space available after evicting expired cache entries - consider increasing the maximum size of the cache
21-May-2024 10:18:51.454 WARNING [main] org.apache.catalina.webresources.Cache.getResource Unable to add the resource at [/WEB-INF/classes/bin/startup.bat] to the cache for web application [/PatientManagementSystem] because there was insufficient free space available after evicting expired cache entries - consider increasing the maximum size of the cache
21-May-2024 10:18:51.455 WARNING [main] org.apache.catalina.webresources.Cache.getResource Unable to add the resource at [/WEB-INF/classes/bin/ciphers.sh] to the cache for web application [/PatientManagementSystem] because there was insufficient free space available after evicting expired cache entries - consider increasing the maximum size of the cache
21-May-2024 10:18:51.456 WARNING [main] org.apache.catalina.webresources.Cache.getResource Unable to add the resource at [/WEB-INF/classes/bin/configtest.bat] to the cache for web application [/PatientManagementSystem] because there was insufficient free space available after evicting expired cache entries - consider increasing the maximum size of the cache
21-May-2024 10:18:51.456 WARNING [main] org.apache.catalina.webresources.Cache.getResource Unable to add the resource at [/WEB-INF/classes/bin/makebase.sh] to the cache for web application [/PatientManagementSystem] because there was insufficient free space available after evicting expired cache entries - consider increasing the maximum size of the cache
21-May-2024 10:18:51.457 WARNING [main] org.apache.catalina.webresources.Cache.getResource Unable to add the resource at [/WEB-INF/classes/bin/bootstrap.jar] to the cache for web application [/PatientManagementSystem] because there was insufficient free space available after evicting expired cache entries - consider increasing the maximum size of the cache
21-May-2024 10:18:51.458 WARNING [main] org.apache.catalina.webresources.Cache.getResource Unable to add the resource at [/WEB-INF/classes/bin/daemon.sh] to the cache for web application [/PatientManagementSystem] because there was insufficient free space available after evicting expired cache entries - consider increasing the maximum size of the cache
21-May-2024 10:18:51.459 WARNING [main] org.apache.catalina.webresources.Cache.getResource Unable to add the resource at [/WEB-INF/classes/bin/setclasspath.sh] to the cache for web application [/PatientManagementSystem] because there was insufficient free space available after evicting expired cache entries - consider increasing the maximum size of the cache
21-May-2024 10:18:51.459 WARNING [main] org.apache.catalina.webresources.Cache.getResource Unable to add the resource at [/WEB-INF/classes/bin/catalina.bat] to the cache for web application [/PatientManagementSystem] because there was insufficient free space available after evicting expired cache entries - consider increasing the maximum size of the cache
21-May-2024 10:18:51.460 WARNING [main] org.apache.catalina.webresources.Cache.getResource Unable to add the resource at [/WEB-INF/classes/bin/commons-daemon.jar] to the cache for web application [/PatientManagementSystem] because there was insufficient free space available after evicting expired cache entries - consider increasing the maximum size of the cache
21-May-2024 10:18:51.461 WARNING [main] org.apache.catalina.webresources.Cache.getResource Unable to add the resource at [/WEB-INF/classes/bin/shutdown.sh] to the cache for web application [/PatientManagementSystem] because there was insufficient free space available after evicting expired cache entries - consider increasing the maximum size of the cache
21-May-2024 10:18:51.462 WARNING [main] org.apache.catalina.webresources.Cache.getResource Unable to add the resource at [/WEB-INF/classes/bin/tomcat-juli.jar] to the cache for web application [/PatientManagementSystem] because there was insufficient free space available after evicting expired cache entries - consider increasing the maximum size of the cache
21-May-2024 10:18:51.462 WARNING [main] org.apache.catalina.webresources.Cache.getResource Unable to add the resource at [/WEB-INF/classes/bin/digest.bat] to the cache for web application [/PatientManagementSystem] because there was insufficient free space available after evicting expired cache entries - consider increasing the maximum size of the cache
21-May-2024 10:18:51.463 WARNING [main] org.apache.catalina.webresources.Cache.getResource Unable to add the resource at [/WEB-INF/classes/bin/catalina.sh] to the cache for web application [/PatientManagementSystem] because there was insufficient free space available after evicting expired cache entries - consider increasing the maximum size of the cache
21-May-2024 10:18:51.464 WARNING [main] org.apache.catalina.webresources.Cache.getResource Unable to add the resource at [/WEB-INF/classes/bin/catalina-tasks.xml] to the cache for web application [/PatientManagementSystem] because there was insufficient free space available after evicting expired cache entries - consider increasing the maximum size of the cache
21-May-2024 10:18:51.465 WARNING [main] org.apache.catalina.webresources.Cache.getResource Unable to add the resource at [/WEB-INF/classes/bin/makebase.bat] to the cache for web application [/PatientManagementSystem] because there was insufficient free space available after evicting expired cache entries - consider increasing the maximum size of the cache
21-May-2024 10:18:51.465 WARNING [main] org.apache.catalina.webresources.Cache.getResource Unable to add the resource at [/WEB-INF/classes/bin/version.sh] to the cache for web application [/PatientManagementSystem] because there was insufficient free space available after evicting expired cache entries - consider increasing the maximum size of the cache
21-May-2024 10:18:51.466 WARNING [main] org.apache.catalina.webresources.Cache.getResource Unable to add the resource at [/WEB-INF/classes/bin/version.bat] to the cache for web application [/PatientManagementSystem] because there was insufficient free space available after evicting expired cache entries - consider increasing the maximum size of the cache
21-May-2024 10:18:51.467 WARNING [main] org.apache.catalina.webresources.Cache.getResource Unable to add the resource at [/WEB-INF/classes/bin/configtest.sh] to the cache for web application [/PatientManagementSystem] because there was insufficient free space available after evicting expired cache entries - consider increasing the maximum size of the cache
21-May-2024 10:18:53.642 WARNING [main] org.apache.catalina.webresources.Cache.getResource Unable to add the resource at [/WEB-INF/classes/] to the cache for web application [/PatientManagementSystem] because there was insufficient free space available after evicting expired cache entries - consider increasing the maximum size of the cache
21-May-2024 10:18:53.678 WARNING [main] org.apache.catalina.webresources.Cache.getResource Unable to add the resource at [/WEB-INF/classes/] to the cache for web application [/PatientManagementSystem] because there was insufficient free space available after evicting expired cache entries - consider increasing the maximum size of the cache
21-May-2024 10:18:53.681 WARNING [main] org.apache.catalina.webresources.Cache.getResource Unable to add the resource at [/WEB-INF/classes/] to the cache for web application [/PatientManagementSystem] because there was insufficient free space available after evicting expired cache entries - consider increasing the maximum size of the cache
21-May-2024 10:18:53.684 WARNING [main] org.apache.catalina.webresources.Cache.getResource Unable to add the resource at [/WEB-INF/classes/] to the cache for web application [/PatientManagementSystem] because there was insufficient free space available after evicting expired cache entries - consider increasing the maximum size of the cache
21-May-2024 10:18:53.690 WARNING [main] org.apache.catalina.webresources.Cache.getResource Unable to add the resource at [/WEB-INF/classes/] to the cache for web application [/PatientManagementSystem] because there was insufficient free space available after evicting expired cache entries - consider increasing the maximum size of the cache
21-May-2024 10:18:53.696 WARNING [main] org.apache.catalina.webresources.Cache.getResource Unable to add the resource at [/WEB-INF/classes/] to the cache for web application [/PatientManagementSystem] because there was insufficient free space available after evicting expired cache entries - consider increasing the maximum size of the cache
21-May-2024 10:18:53.701 WARNING [main] org.apache.catalina.webresources.Cache.getResource Unable to add the resource at [/WEB-INF/classes/] to the cache for web application [/PatientManagementSystem] because there was insufficient free space available after evicting expired cache entries - consider increasing the maximum size of the cache
21-May-2024 10:18:53.704 WARNING [main] org.apache.catalina.webresources.Cache.getResource Unable to add the resource at [/WEB-INF/classes/] to the cache for web application [/PatientManagementSystem] because there was insufficient free space available after evicting expired cache entries - consider increasing the maximum size of the cache
21-May-2024 10:18:53.707 WARNING [main] org.apache.catalina.webresources.Cache.getResource Unable to add the resource at [/WEB-INF/classes/] to the cache for web application [/PatientManagementSystem] because there was insufficient free space available after evicting expired cache entries - consider increasing the maximum size of the cache
21-May-2024 10:18:53.719 WARNING [main] org.apache.catalina.webresources.Cache.getResource Unable to add the resource at [/WEB-INF/classes/] to the cache for web application [/PatientManagementSystem] because there was insufficient free space available after evicting expired cache entries - consider increasing the maximum size of the cache
21-May-2024 10:18:53.721 WARNING [main] org.apache.catalina.webresources.Cache.getResource Unable to add the resource at [/WEB-INF/classes/] to the cache for web application [/PatientManagementSystem] because there was insufficient free space available after evicting expired cache entries - consider increasing the maximum size of the cache
21-May-2024 10:18:53.723 WARNING [main] org.apache.catalina.webresources.Cache.getResource Unable to add the resource at [/WEB-INF/classes/] to the cache for web application [/PatientManagementSystem] because there was insufficient free space available after evicting expired cache entries - consider increasing the maximum size of the cache
21-May-2024 10:18:53.726 WARNING [main] org.apache.catalina.webresources.Cache.getResource Unable to add the resource at [/WEB-INF/classes/] to the cache for web application [/PatientManagementSystem] because there was insufficient free space available after evicting expired cache entries - consider increasing the maximum size of the cache
21-May-2024 10:18:53.728 WARNING [main] org.apache.catalina.webresources.Cache.getResource Unable to add the resource at [/WEB-INF/classes/] to the cache for web application [/PatientManagementSystem] because there was insufficient free space available after evicting expired cache entries - consider increasing the maximum size of the cache
21-May-2024 10:18:53.731 WARNING [main] org.apache.catalina.webresources.Cache.getResource Unable to add the resource at [/WEB-INF/classes/] to the cache for web application [/PatientManagementSystem] because there was insufficient free space available after evicting expired cache entries - consider increasing the maximum size of the cache
21-May-2024 10:18:53.734 WARNING [main] org.apache.catalina.webresources.Cache.getResource Unable to add the resource at [/WEB-INF/classes/] to the cache for web application [/PatientManagementSystem] because there was insufficient free space available after evicting expired cache entries - consider increasing the maximum size of the cache
21-May-2024 10:18:53.738 WARNING [main] org.apache.catalina.webresources.Cache.getResource Unable to add the resource at [/WEB-INF/classes/] to the cache for web application [/PatientManagementSystem] because there was insufficient free space available after evicting expired cache entries - consider increasing the maximum size of the cache
21-May-2024 10:18:53.753 WARNING [main] org.apache.catalina.webresources.Cache.getResource Unable to add the resource at [/WEB-INF/classes/] to the cache for web application [/PatientManagementSystem] because there was insufficient free space available after evicting expired cache entries - consider increasing the maximum size of the cache
21-May-2024 10:18:53.757 WARNING [main] org.apache.catalina.webresources.Cache.getResource Unable to add the resource at [/WEB-INF/classes/] to the cache for web application [/PatientManagementSystem] because there was insufficient free space available after evicting expired cache entries - consider increasing the maximum size of the cache
21-May-2024 10:18:53.759 WARNING [main] org.apache.catalina.webresources.Cache.getResource Unable to add the resource at [/WEB-INF/classes/] to the cache for web application [/PatientManagementSystem] because there was insufficient free space available after evicting expired cache entries - consider increasing the maximum size of the cache
21-May-2024 10:18:53.763 WARNING [main] org.apache.catalina.webresources.Cache.getResource Unable to add the resource at [/WEB-INF/classes/] to the cache for web application [/PatientManagementSystem] because there was insufficient free space available after evicting expired cache entries - consider increasing the maximum size of the cache
21-May-2024 10:18:53.766 WARNING [main] org.apache.catalina.webresources.Cache.getResource Unable to add the resource at [/WEB-INF/classes/] to the cache for web application [/PatientManagementSystem] because there was insufficient free space available after evicting expired cache entries - consider increasing the maximum size of the cache
21-May-2024 10:18:54.088 INFO [main] org.apache.jasper.servlet.TldScanner.scanJars At least one JAR was scanned for TLDs yet contained no TLDs. Enable debug logging for this logger for a complete list of JARs that were scanned but no TLDs were found in them. Skipping unneeded JARs during scanning can improve startup time and JSP compilation time.
21-May-2024 10:18:54.241 WARNING [main] org.apache.catalina.webresources.Cache.getResource Unable to add the resource at [/] to the cache for web application [/PatientManagementSystem] because there was insufficient free space available after evicting expired cache entries - consider increasing the maximum size of the cache
21-May-2024 10:18:54.268 INFO [main] org.apache.catalina.startup.HostConfig.deployDescriptor Deployment of deployment descriptor [/opt/apache-tomcat-10.1.23/conf/Catalina/localhost/PatientManagementSystem.xml] has finished in [3,608] ms
21-May-2024 10:18:54.270 INFO [main] org.apache.catalina.startup.HostConfig.deployDirectory Deploying web application directory [/opt/apache-tomcat-10.1.23/webapps/examples]
21-May-2024 10:18:54.992 INFO [main] org.apache.catalina.startup.HostConfig.deployDirectory Deployment of web application directory [/opt/apache-tomcat-10.1.23/webapps/examples] has finished in [722] ms
21-May-2024 10:18:54.993 INFO [main] org.apache.catalina.startup.HostConfig.deployDirectory Deploying web application directory [/opt/apache-tomcat-10.1.23/webapps/host-manager]
21-May-2024 10:18:55.096 INFO [main] org.apache.catalina.startup.HostConfig.deployDirectory Deployment of web application directory [/opt/apache-tomcat-10.1.23/webapps/host-manager] has finished in [100] ms
21-May-2024 10:18:55.099 INFO [main] org.apache.catalina.startup.HostConfig.deployDirectory Deploying web application directory [/opt/apache-tomcat-10.1.23/webapps/docs]
21-May-2024 10:18:55.175 INFO [main] org.apache.catalina.startup.HostConfig.deployDirectory Deployment of web application directory [/opt/apache-tomcat-10.1.23/webapps/docs] has finished in [76] ms
21-May-2024 10:18:55.180 INFO [main] org.apache.catalina.startup.HostConfig.deployDirectory Deploying web application directory [/opt/apache-tomcat-10.1.23/webapps/manager]
21-May-2024 10:18:55.340 INFO [main] org.apache.catalina.startup.HostConfig.deployDirectory Deployment of web application directory [/opt/apache-tomcat-10.1.23/webapps/manager] has finished in [145] ms
21-May-2024 10:18:55.341 INFO [main] org.apache.catalina.startup.HostConfig.deployDirectory Deploying web application directory [/opt/apache-tomcat-10.1.23/webapps/ROOT]
21-May-2024 10:18:55.438 INFO [main] org.apache.catalina.startup.HostConfig.deployDirectory Deployment of web application directory [/opt/apache-tomcat-10.1.23/webapps/ROOT] has finished in [96] ms
21-May-2024 10:18:55.448 INFO [main] org.apache.coyote.AbstractProtocol.start Starting ProtocolHandler ["http-nio-8080"]
21-May-2024 10:18:55.494 INFO [main] org.apache.catalina.startup.Catalina.start Server startup in [4933] milliseconds
21-May-2024 10:19:08.628 INFO [http-nio-8080-exec-6] org.apache.catalina.startup.HostConfig.undeploy Undeploying context [/PatientManagementSystem]
21-May-2024 10:19:43.221 WARNING [http-nio-8080-exec-11] org.apache.catalina.realm.LockOutRealm.filterLockedAccounts An attempt was made to authenticate the locked user [admin]
21-May-2024 10:19:43.251 WARNING [http-nio-8080-exec-13] org.apache.catalina.realm.LockOutRealm.filterLockedAccounts An attempt was made to authenticate the locked user [admin]
21-May-2024 10:19:43.267 INFO [http-nio-8080-exec-7] org.apache.catalina.startup.HostConfig.deployDescriptor Deploying deployment descriptor [/opt/apache-tomcat-10.1.23/conf/Catalina/localhost/PatientManagementSystem.xml]
21-May-2024 10:19:43.271 WARNING [http-nio-8080-exec-7] org.apache.catalina.startup.HostConfig.deployDescriptor The path attribute with value [/PatientManagementSystem] in deployment descriptor [/opt/apache-tomcat-10.1.23/conf/Catalina/localhost/PatientManagementSystem.xml] has been ignored
21-May-2024 10:19:43.533 WARNING [http-nio-8080-exec-7] org.apache.catalina.webresources.Cache.getResource Unable to add the resource at [/WEB-INF/classes/logs/catalina.2024-05-16.log] to the cache for web application [/PatientManagementSystem] because there was insufficient free space available after evicting expired cache entries - consider increasing the maximum size of the cache
21-May-2024 10:19:43.534 WARNING [http-nio-8080-exec-7] org.apache.catalina.webresources.Cache.getResource Unable to add the resource at [/WEB-INF/classes/bin/commons-daemon-native.tar.gz] to the cache for web application [/PatientManagementSystem] because there was insufficient free space available after evicting expired cache entries - consider increasing the maximum size of the cache
21-May-2024 10:19:43.536 WARNING [http-nio-8080-exec-7] org.apache.catalina.webresources.Cache.getResource Unable to add the resource at [/WEB-INF/classes/bin/tomcat-juli.jar] to the cache for web application [/PatientManagementSystem] because there was insufficient free space available after evicting expired cache entries - consider increasing the maximum size of the cache
21-May-2024 10:19:43.537 WARNING [http-nio-8080-exec-7] org.apache.catalina.webresources.Cache.getResource Unable to add the resource at [/WEB-INF/classes/bin/makebase.bat] to the cache for web application [/PatientManagementSystem] because there was insufficient free space available after evicting expired cache entries - consider increasing the maximum size of the cache
21-May-2024 10:19:43.539 WARNING [http-nio-8080-exec-7] org.apache.catalina.webresources.Cache.getResource Unable to add the resource at [/WEB-INF/classes/bin/version.bat] to the cache for web application [/PatientManagementSystem] because there was insufficient free space available after evicting expired cache entries - consider increasing the maximum size of the cache
21-May-2024 10:19:43.540 WARNING [http-nio-8080-exec-7] org.apache.catalina.webresources.Cache.getResource Unable to add the resource at [/WEB-INF/classes/bin/configtest.sh] to the cache for web application [/PatientManagementSystem] because there was insufficient free space available after evicting expired cache entries - consider increasing the maximum size of the cache
21-May-2024 10:19:44.323 INFO [http-nio-8080-exec-7] org.apache.jasper.servlet.TldScanner.scanJars At least one JAR was scanned for TLDs yet contained no TLDs. Enable debug logging for this logger for a complete list of JARs that were scanned but no TLDs were found in them. Skipping unneeded JARs during scanning can improve startup time and JSP compilation time.
21-May-2024 10:19:44.328 INFO [http-nio-8080-exec-7] org.apache.catalina.startup.HostConfig.deployDescriptor Deployment of deployment descriptor [/opt/apache-tomcat-10.1.23/conf/Catalina/localhost/PatientManagementSystem.xml] has finished in [1,061] ms
21-May-2024 10:19:44.348 WARNING [http-nio-8080-exec-4] org.apache.catalina.realm.LockOutRealm.filterLockedAccounts An attempt was made to authenticate the locked user [admin]
21-May-2024 10:19:44.355 INFO [http-nio-8080-exec-8] org.apache.catalina.util.LifecycleBase.start The start() method was called on component [StandardEngine[Catalina].StandardHost[localhost].StandardContext[/PatientManagementSystem]] after start() had already been called. The second call will be ignored.
21-May-2024 10:19:45.486 INFO [Catalina-utility-1] org.apache.catalina.webresources.Cache.backgroundProcess The background cache eviction process was unable to free [10] percent of the cache for Context [/PatientManagementSystem] - consider increasing the maximum size of the cache. After eviction approximately [10,239] KiB of data remained in the cache.
21-May-2024 10:19:55.490 INFO [Catalina-utility-2] org.apache.catalina.webresources.Cache.backgroundProcess The background cache eviction process was unable to free [10] percent of the cache for Context [/PatientManagementSystem] - consider increasing the maximum size of the cache. After eviction approximately [9,517] KiB of data remained in the cache.
21-May-2024 10:21:33.316 INFO [main] org.apache.catalina.core.StandardServer.await A valid shutdown command was received via the shutdown port. Stopping the Server instance.
21-May-2024 10:21:33.317 INFO [main] org.apache.coyote.AbstractProtocol.pause Pausing ProtocolHandler ["http-nio-8080"]
21-May-2024 10:21:33.319 INFO [main] org.apache.catalina.core.StandardService.stopInternal Stopping service [Catalina]
21-May-2024 10:21:33.330 WARNING [main] org.apache.catalina.loader.WebappClassLoaderBase.clearReferencesJdbc The web application [PatientManagementSystem] registered the JDBC driver [com.mysql.cj.jdbc.Driver] but failed to unregister it when the web application was stopped. To prevent a memory leak, the JDBC Driver has been forcibly unregistered.
21-May-2024 10:21:33.331 WARNING [main] org.apache.catalina.loader.WebappClassLoaderBase.clearReferencesThreads The web application [PatientManagementSystem] appears to have started a thread named [mysql-cj-abandoned-connection-cleanup] but has failed to stop it. This is very likely to create a memory leak. Stack trace of thread:
 java.base@17.0.6/java.lang.Object.wait(Native Method)
 java.base@17.0.6/java.lang.ref.ReferenceQueue.remove(ReferenceQueue.java:155)
 com.mysql.cj.jdbc.AbandonedConnectionCleanupThread.run(AbandonedConnectionCleanupThread.java:84)
 java.base@17.0.6/java.util.concurrent.ThreadPoolExecutor.runWorker(ThreadPoolExecutor.java:1136)
 java.base@17.0.6/java.util.concurrent.ThreadPoolExecutor$Worker.run(ThreadPoolExecutor.java:635)
 java.base@17.0.6/java.lang.Thread.run(Thread.java:833)
21-May-2024 10:21:33.352 INFO [main] org.apache.coyote.AbstractProtocol.stop Stopping ProtocolHandler ["http-nio-8080"]
21-May-2024 10:21:33.367 INFO [main] org.apache.coyote.AbstractProtocol.destroy Destroying ProtocolHandler ["http-nio-8080"]
