19-May-2024 13:16:50.543 INFO [http-nio-8080-exec-3] org.apache.catalina.core.ApplicationContext.log Manager: init: Associated with Deployer 'Catalina:type=Deployer,host=localhost'
19-May-2024 13:16:50.544 INFO [http-nio-8080-exec-3] org.apache.catalina.core.ApplicationContext.log Manager: init: Global resources are available
19-May-2024 13:16:50.625 INFO [http-nio-8080-exec-2] org.apache.catalina.core.ApplicationContext.log Manager: list: Listing contexts for virtual host 'localhost'
19-May-2024 13:16:50.664 INFO [http-nio-8080-exec-5] org.apache.catalina.core.ApplicationContext.log Manager: undeploy: Undeploying web application at '/PatientManagementSystem'
19-May-2024 13:17:01.060 INFO [http-nio-8080-exec-9] org.apache.catalina.core.ApplicationContext.log Manager: list: Listing contexts for virtual host 'localhost'
19-May-2024 13:17:11.057 INFO [http-nio-8080-exec-2] org.apache.catalina.core.ApplicationContext.log Manager: list: Listing contexts for virtual host 'localhost'
19-May-2024 13:17:11.081 INFO [http-nio-8080-exec-11] org.apache.catalina.core.ApplicationContext.log Manager: list: Listing contexts for virtual host 'localhost'
19-May-2024 13:17:11.110 INFO [http-nio-8080-exec-13] org.apache.catalina.core.ApplicationContext.log Manager: install: Installing context configuration at 'file:/tmp/context8968290106476357039.xml'
19-May-2024 13:17:11.910 INFO [http-nio-8080-exec-4] org.apache.catalina.core.ApplicationContext.log Manager: start: Starting web application '/PatientManagementSystem'
19-May-2024 15:12:21.957 INFO [http-nio-8080-exec-4] org.apache.catalina.core.ApplicationContext.log Manager: init: Associated with Deployer 'Catalina:type=Deployer,host=localhost'
19-May-2024 15:12:21.971 INFO [http-nio-8080-exec-4] org.apache.catalina.core.ApplicationContext.log Manager: init: Global resources are available
19-May-2024 15:12:22.048 INFO [http-nio-8080-exec-2] org.apache.catalina.core.ApplicationContext.log Manager: list: Listing contexts for virtual host 'localhost'
19-May-2024 15:12:22.101 INFO [http-nio-8080-exec-5] org.apache.catalina.core.ApplicationContext.log Manager: undeploy: Undeploying web application at '/PatientManagementSystem'
19-May-2024 15:12:33.789 INFO [http-nio-8080-exec-3] org.apache.catalina.core.ApplicationContext.log Manager: list: Listing contexts for virtual host 'localhost'
19-May-2024 15:12:33.806 INFO [http-nio-8080-exec-11] org.apache.catalina.core.ApplicationContext.log Manager: list: Listing contexts for virtual host 'localhost'
19-May-2024 15:12:33.860 INFO [http-nio-8080-exec-9] org.apache.catalina.core.ApplicationContext.log Manager: install: Installing context configuration at 'file:/tmp/context7304936108005285388.xml'
19-May-2024 15:12:35.120 INFO [http-nio-8080-exec-3] org.apache.catalina.core.ApplicationContext.log Manager: start: Starting web application '/PatientManagementSystem'
19-May-2024 15:15:36.308 INFO [http-nio-8080-exec-12] org.apache.catalina.core.ApplicationContext.log Manager: list: Listing contexts for virtual host 'localhost'
19-May-2024 15:15:36.345 INFO [http-nio-8080-exec-13] org.apache.catalina.core.ApplicationContext.log Manager: restart: Reloading web application '/PatientManagementSystem'
19-May-2024 15:24:24.843 INFO [http-nio-8080-exec-24] org.apache.catalina.core.ApplicationContext.log Manager: list: Listing contexts for virtual host 'localhost'
19-May-2024 15:27:08.241 INFO [http-nio-8080-exec-26] org.apache.catalina.core.ApplicationContext.log Manager: list: Listing contexts for virtual host 'localhost'
19-May-2024 15:35:07.044 INFO [http-nio-8080-exec-24] org.apache.catalina.core.ApplicationContext.log Manager: list: Listing contexts for virtual host 'localhost'
19-May-2024 15:35:07.064 INFO [http-nio-8080-exec-30] org.apache.catalina.core.ApplicationContext.log Manager: restart: Reloading web application '/PatientManagementSystem'
19-May-2024 15:35:54.850 INFO [http-nio-8080-exec-32] org.apache.catalina.core.ApplicationContext.log Manager: list: Listing contexts for virtual host 'localhost'
19-May-2024 15:35:54.874 INFO [http-nio-8080-exec-29] org.apache.catalina.core.ApplicationContext.log Manager: restart: Reloading web application '/PatientManagementSystem'
19-May-2024 15:36:09.361 INFO [http-nio-8080-exec-24] org.apache.catalina.core.ApplicationContext.log Manager: list: Listing contexts for virtual host 'localhost'
19-May-2024 15:36:09.373 INFO [http-nio-8080-exec-28] org.apache.catalina.core.ApplicationContext.log Manager: restart: Reloading web application '/PatientManagementSystem'
19-May-2024 15:50:30.338 INFO [http-nio-8080-exec-36] org.apache.catalina.core.ApplicationContext.log Manager: list: Listing contexts for virtual host 'localhost'
19-May-2024 15:50:30.356 INFO [http-nio-8080-exec-34] org.apache.catalina.core.ApplicationContext.log Manager: restart: Reloading web application '/PatientManagementSystem'
19-May-2024 16:10:50.601 INFO [http-nio-8080-exec-50] org.apache.catalina.core.ApplicationContext.log Manager: list: Listing contexts for virtual host 'localhost'
19-May-2024 16:10:50.612 INFO [http-nio-8080-exec-52] org.apache.catalina.core.ApplicationContext.log Manager: restart: Reloading web application '/PatientManagementSystem'
19-May-2024 16:16:40.015 INFO [http-nio-8080-exec-58] org.apache.catalina.core.ApplicationContext.log Manager: list: Listing contexts for virtual host 'localhost'
19-May-2024 16:16:40.032 INFO [http-nio-8080-exec-60] org.apache.catalina.core.ApplicationContext.log Manager: restart: Reloading web application '/PatientManagementSystem'
19-May-2024 16:28:09.854 INFO [http-nio-8080-exec-71] org.apache.catalina.core.ApplicationContext.log Manager: list: Listing contexts for virtual host 'localhost'
19-May-2024 16:28:09.871 INFO [http-nio-8080-exec-69] org.apache.catalina.core.ApplicationContext.log Manager: restart: Reloading web application '/PatientManagementSystem'
19-May-2024 16:30:58.056 INFO [http-nio-8080-exec-76] org.apache.catalina.core.ApplicationContext.log Manager: list: Listing contexts for virtual host 'localhost'
19-May-2024 16:30:58.101 INFO [http-nio-8080-exec-80] org.apache.catalina.core.ApplicationContext.log Manager: restart: Reloading web application '/PatientManagementSystem'
19-May-2024 16:35:02.636 INFO [http-nio-8080-exec-88] org.apache.catalina.core.ApplicationContext.log Manager: list: Listing contexts for virtual host 'localhost'
19-May-2024 16:37:02.957 INFO [http-nio-8080-exec-88] org.apache.catalina.core.ApplicationContext.log Manager: list: Listing contexts for virtual host 'localhost'
19-May-2024 16:37:40.644 INFO [http-nio-8080-exec-85] org.apache.catalina.core.ApplicationContext.log Manager: list: Listing contexts for virtual host 'localhost'
19-May-2024 16:39:39.300 INFO [http-nio-8080-exec-88] org.apache.catalina.core.ApplicationContext.log Manager: list: Listing contexts for virtual host 'localhost'
19-May-2024 16:42:27.629 INFO [http-nio-8080-exec-87] org.apache.catalina.core.ApplicationContext.log Manager: list: Listing contexts for virtual host 'localhost'
19-May-2024 16:45:35.382 INFO [http-nio-8080-exec-91] org.apache.catalina.core.ApplicationContext.log Manager: list: Listing contexts for virtual host 'localhost'
19-May-2024 17:04:32.765 INFO [http-nio-8080-exec-83] org.apache.catalina.core.ApplicationContext.log Manager: list: Listing contexts for virtual host 'localhost'
19-May-2024 17:04:32.778 INFO [http-nio-8080-exec-84] org.apache.catalina.core.ApplicationContext.log Manager: restart: Reloading web application '/PatientManagementSystem'
19-May-2024 17:04:33.945 INFO [http-nio-8080-exec-89] org.apache.catalina.core.ApplicationContext.log Manager: list: Listing contexts for virtual host 'localhost'
19-May-2024 17:04:33.964 INFO [http-nio-8080-exec-85] org.apache.catalina.core.ApplicationContext.log Manager: restart: Reloading web application '/PatientManagementSystem'
19-May-2024 17:09:59.763 INFO [http-nio-8080-exec-98] org.apache.catalina.core.ApplicationContext.log Manager: list: Listing contexts for virtual host 'localhost'
19-May-2024 17:09:59.776 INFO [http-nio-8080-exec-100] org.apache.catalina.core.ApplicationContext.log Manager: restart: Reloading web application '/PatientManagementSystem'
19-May-2024 17:10:00.859 INFO [http-nio-8080-exec-101] org.apache.catalina.core.ApplicationContext.log Manager: list: Listing contexts for virtual host 'localhost'
19-May-2024 17:10:00.884 INFO [http-nio-8080-exec-94] org.apache.catalina.core.ApplicationContext.log Manager: restart: Reloading web application '/PatientManagementSystem'
19-May-2024 17:10:15.117 INFO [http-nio-8080-exec-92] org.apache.catalina.core.ApplicationContext.log Manager: list: Listing contexts for virtual host 'localhost'
19-May-2024 17:10:15.133 INFO [http-nio-8080-exec-98] org.apache.catalina.core.ApplicationContext.log Manager: restart: Reloading web application '/PatientManagementSystem'
19-May-2024 17:15:12.872 INFO [http-nio-8080-exec-107] org.apache.catalina.core.ApplicationContext.log Manager: list: Listing contexts for virtual host 'localhost'
19-May-2024 17:15:12.887 INFO [http-nio-8080-exec-110] org.apache.catalina.core.ApplicationContext.log Manager: restart: Reloading web application '/PatientManagementSystem'
19-May-2024 17:16:30.298 INFO [http-nio-8080-exec-109] org.apache.catalina.core.ApplicationContext.log Manager: list: Listing contexts for virtual host 'localhost'
19-May-2024 17:16:30.310 INFO [http-nio-8080-exec-114] org.apache.catalina.core.ApplicationContext.log Manager: restart: Reloading web application '/PatientManagementSystem'
19-May-2024 17:16:31.298 INFO [http-nio-8080-exec-113] org.apache.catalina.core.ApplicationContext.log Manager: list: Listing contexts for virtual host 'localhost'
19-May-2024 17:16:31.316 INFO [http-nio-8080-exec-115] org.apache.catalina.core.ApplicationContext.log Manager: restart: Reloading web application '/PatientManagementSystem'
19-May-2024 17:17:42.430 INFO [http-nio-8080-exec-117] org.apache.catalina.core.ApplicationContext.log Manager: list: Listing contexts for virtual host 'localhost'
19-May-2024 17:17:43.338 INFO [http-nio-8080-exec-108] org.apache.catalina.core.ApplicationContext.log Manager: list: Listing contexts for virtual host 'localhost'
19-May-2024 17:17:43.351 INFO [http-nio-8080-exec-118] org.apache.catalina.core.ApplicationContext.log Manager: restart: Reloading web application '/PatientManagementSystem'
19-May-2024 17:17:44.356 INFO [http-nio-8080-exec-103] org.apache.catalina.core.ApplicationContext.log Manager: list: Listing contexts for virtual host 'localhost'
19-May-2024 17:17:44.367 INFO [http-nio-8080-exec-117] org.apache.catalina.core.ApplicationContext.log Manager: restart: Reloading web application '/PatientManagementSystem'
19-May-2024 17:17:47.321 INFO [http-nio-8080-exec-104] org.apache.catalina.core.ApplicationContext.log Manager: list: Listing contexts for virtual host 'localhost'
19-May-2024 17:17:47.336 INFO [http-nio-8080-exec-116] org.apache.catalina.core.ApplicationContext.log Manager: restart: Reloading web application '/PatientManagementSystem'
19-May-2024 17:17:48.395 INFO [http-nio-8080-exec-122] org.apache.catalina.core.ApplicationContext.log Manager: list: Listing contexts for virtual host 'localhost'
19-May-2024 17:17:48.405 INFO [http-nio-8080-exec-120] org.apache.catalina.core.ApplicationContext.log Manager: restart: Reloading web application '/PatientManagementSystem'
19-May-2024 17:18:02.016 INFO [http-nio-8080-exec-111] org.apache.catalina.core.ApplicationContext.log Manager: list: Listing contexts for virtual host 'localhost'
19-May-2024 17:18:02.027 INFO [http-nio-8080-exec-108] org.apache.catalina.core.ApplicationContext.log Manager: restart: Reloading web application '/PatientManagementSystem'
19-May-2024 17:18:02.971 INFO [http-nio-8080-exec-104] org.apache.catalina.core.ApplicationContext.log Manager: list: Listing contexts for virtual host 'localhost'
19-May-2024 17:18:02.982 INFO [http-nio-8080-exec-103] org.apache.catalina.core.ApplicationContext.log Manager: restart: Reloading web application '/PatientManagementSystem'
19-May-2024 17:18:31.730 INFO [http-nio-8080-exec-122] org.apache.catalina.core.ApplicationContext.log Manager: list: Listing contexts for virtual host 'localhost'
19-May-2024 17:18:31.740 INFO [http-nio-8080-exec-111] org.apache.catalina.core.ApplicationContext.log Manager: restart: Reloading web application '/PatientManagementSystem'
19-May-2024 21:10:09.793 INFO [http-nio-8080-exec-4] org.apache.catalina.core.ApplicationContext.log Manager: init: Associated with Deployer 'Catalina:type=Deployer,host=localhost'
19-May-2024 21:10:09.805 INFO [http-nio-8080-exec-4] org.apache.catalina.core.ApplicationContext.log Manager: init: Global resources are available
19-May-2024 21:10:09.919 INFO [http-nio-8080-exec-1] org.apache.catalina.core.ApplicationContext.log Manager: list: Listing contexts for virtual host 'localhost'
19-May-2024 21:10:09.990 INFO [http-nio-8080-exec-5] org.apache.catalina.core.ApplicationContext.log Manager: undeploy: Undeploying web application at '/PatientManagementSystem'
19-May-2024 21:10:30.792 INFO [http-nio-8080-exec-8] org.apache.catalina.core.ApplicationContext.log Manager: list: Listing contexts for virtual host 'localhost'
19-May-2024 21:10:30.811 INFO [http-nio-8080-exec-11] org.apache.catalina.core.ApplicationContext.log Manager: list: Listing contexts for virtual host 'localhost'
19-May-2024 21:10:30.861 INFO [http-nio-8080-exec-6] org.apache.catalina.core.ApplicationContext.log Manager: install: Installing context configuration at 'file:/tmp/context411349571428927832.xml'
19-May-2024 21:10:32.609 INFO [http-nio-8080-exec-7] org.apache.catalina.core.ApplicationContext.log Manager: start: Starting web application '/PatientManagementSystem'
19-May-2024 21:34:59.570 INFO [http-nio-8080-exec-5] org.apache.catalina.core.ApplicationContext.log Manager: init: Associated with Deployer 'Catalina:type=Deployer,host=localhost'
19-May-2024 21:34:59.572 INFO [http-nio-8080-exec-5] org.apache.catalina.core.ApplicationContext.log Manager: init: Global resources are available
19-May-2024 21:35:07.734 INFO [http-nio-8080-exec-5] org.apache.catalina.core.ApplicationContext.log Manager: list: Listing contexts for virtual host 'localhost'
19-May-2024 21:35:07.775 INFO [http-nio-8080-exec-9] org.apache.catalina.core.ApplicationContext.log Manager: undeploy: Undeploying web application at '/PatientManagementSystem'
19-May-2024 21:35:16.654 INFO [http-nio-8080-exec-4] org.apache.catalina.core.ApplicationContext.log Manager: list: Listing contexts for virtual host 'localhost'
19-May-2024 21:35:16.680 INFO [http-nio-8080-exec-6] org.apache.catalina.core.ApplicationContext.log Manager: list: Listing contexts for virtual host 'localhost'
19-May-2024 21:35:16.712 INFO [http-nio-8080-exec-10] org.apache.catalina.core.ApplicationContext.log Manager: install: Installing context configuration at 'file:/tmp/context9835964185366031066.xml'
19-May-2024 21:35:17.754 INFO [http-nio-8080-exec-2] org.apache.catalina.core.ApplicationContext.log Manager: start: Starting web application '/PatientManagementSystem'
19-May-2024 21:35:36.796 INFO [http-nio-8080-exec-8] org.apache.catalina.core.ApplicationContext.log Manager: list: Listing contexts for virtual host 'localhost'
19-May-2024 21:36:06.701 INFO [http-nio-8080-exec-11] org.apache.catalina.core.ApplicationContext.log Manager: list: Listing contexts for virtual host 'localhost'
19-May-2024 21:36:43.556 INFO [http-nio-8080-exec-12] org.apache.catalina.core.ApplicationContext.log Manager: list: Listing contexts for virtual host 'localhost'
19-May-2024 21:37:31.915 INFO [http-nio-8080-exec-8] org.apache.catalina.core.ApplicationContext.log Manager: list: Listing contexts for virtual host 'localhost'
19-May-2024 21:43:03.136 INFO [http-nio-8080-exec-12] org.apache.catalina.core.ApplicationContext.log HTMLManager: init: Associated with Deployer 'Catalina:type=Deployer,host=localhost'
19-May-2024 21:43:03.136 INFO [http-nio-8080-exec-12] org.apache.catalina.core.ApplicationContext.log HTMLManager: init: Global resources are available
19-May-2024 21:43:03.140 INFO [http-nio-8080-exec-12] org.apache.catalina.core.ApplicationContext.log HTMLManager: list: Listing contexts for virtual host 'localhost'
19-May-2024 21:43:05.647 INFO [http-nio-8080-exec-16] org.apache.catalina.core.ApplicationContext.log HTMLManager: stop: Stopping web application '/PatientManagementSystem'
19-May-2024 21:43:05.660 INFO [http-nio-8080-exec-16] org.apache.catalina.core.ApplicationContext.log HTMLManager: list: Listing contexts for virtual host 'localhost'
19-May-2024 21:43:11.520 INFO [http-nio-8080-exec-17] org.apache.catalina.core.ApplicationContext.log HTMLManager: start: Starting web application '/PatientManagementSystem'
19-May-2024 21:43:12.439 INFO [http-nio-8080-exec-17] org.apache.catalina.core.ApplicationContext.log HTMLManager: list: Listing contexts for virtual host 'localhost'
